{"level":"info","message":"inside the api","timestamp":"2024-07-19T09:51:47.940Z"}
{"code":"ENOENT","errno":-4058,"level":"info","path":"C:\\data\\user\\0\\com.biitstracker\\cache\\rn_image_picker_lib_temp_f7771fed-91bc-41c9-972a-bd0acc087715.jpg","syscall":"open","timestamp":"2024-07-19T09:51:47.942Z"}
{"level":"error","message":"/data/user/0/com.biitstracker/cache/rn_image_picker_lib_temp_f7771fed-91bc-41c9-972a-bd0acc087715.jpg","timestamp":"2024-07-19T09:53:44.737Z"}
{"level":"info","message":"inside the api","timestamp":"2024-07-19T09:53:44.743Z"}
{"code":"ENOENT","errno":-4058,"level":"info","path":"C:\\data\\user\\0\\com.biitstracker\\cache\\rn_image_picker_lib_temp_f7771fed-91bc-41c9-972a-bd0acc087715.jpg","syscall":"open","timestamp":"2024-07-19T09:53:44.743Z"}
{"level":"error","message":"##########","timestamp":"2024-07-19T09:54:26.041Z"}
{"level":"info","message":"inside the api","timestamp":"2024-07-19T09:54:26.044Z"}
{"code":"ENOENT","errno":-4058,"level":"info","path":"C:\\data\\user\\0\\com.biitstracker\\cache\\rn_image_picker_lib_temp_f7771fed-91bc-41c9-972a-bd0acc087715.jpg","syscall":"open","timestamp":"2024-07-19T09:54:26.045Z"}
{"level":"info","message":"##########","timestamp":"2024-07-19T09:54:52.876Z"}
{"level":"info","message":"inside the api","timestamp":"2024-07-19T09:54:52.880Z"}
{"code":"ENOENT","errno":-4058,"level":"info","path":"C:\\data\\user\\0\\com.biitstracker\\cache\\rn_image_picker_lib_temp_f7771fed-91bc-41c9-972a-bd0acc087715.jpg","syscall":"open","timestamp":"2024-07-19T09:54:52.880Z"}
{"level":"info","message":"qqqqqqqq##########","timestamp":"2024-07-19T09:56:51.404Z"}
{"level":"info","message":"qqqqqqqq##########","timestamp":"2024-07-19T09:56:51.408Z"}
{"level":"info","message":"inside the api","timestamp":"2024-07-19T09:56:51.411Z"}
{"code":"ENOENT","errno":-4058,"level":"info","path":"C:\\data\\user\\0\\com.biitstracker\\cache\\rn_image_picker_lib_temp_f7771fed-91bc-41c9-972a-bd0acc087715.jpg","syscall":"open","timestamp":"2024-07-19T09:56:51.411Z"}
{"level":"info","message":"qqqqqqqq##########","timestamp":"2024-07-19T09:57:55.468Z"}
{"level":"info","message":"qeeeeeeee","timestamp":"2024-07-19T09:57:55.471Z"}
{"level":"info","message":"inside the api","timestamp":"2024-07-19T09:57:55.473Z"}
{"code":"ENOENT","errno":-4058,"level":"info","path":"C:\\data\\user\\0\\com.biitstracker\\cache\\rn_image_picker_lib_temp_f7771fed-91bc-41c9-972a-bd0acc087715.jpg","syscall":"open","timestamp":"2024-07-19T09:57:55.473Z"}
{"level":"info","message":"gfsdgfd","timestamp":"2024-07-19T09:59:44.477Z"}
{"level":"info","message":"qqqqqqqq##########","timestamp":"2024-07-19T09:59:44.498Z"}
{"level":"info","message":"qeeeeeeee","timestamp":"2024-07-19T09:59:44.501Z"}
{"level":"info","message":"inside the api","timestamp":"2024-07-19T09:59:44.505Z"}
{"code":"ENOENT","errno":-4058,"level":"info","path":"C:\\data\\user\\0\\com.biitstracker\\cache\\rn_image_picker_lib_temp_f7771fed-91bc-41c9-972a-bd0acc087715.jpg","syscall":"open","timestamp":"2024-07-19T09:59:44.505Z"}
